[0.597s] Invoking command in '/home/tutuikento/ros2_ws/src/mypkg': PYTHONPATH=/home/tutuikento/ros2_ws/src/mypkg/build/mypkg/prefix_override:/home/tutuikento/ros2_ws/src/mypkg/install/mypkg/lib/python3.10/site-packages:${PYTHONPATH} /usr/bin/python3 setup.py egg_info --egg-base build/mypkg build --build-base /home/tutuikento/ros2_ws/src/mypkg/build/mypkg/build install --record /home/tutuikento/ros2_ws/src/mypkg/build/mypkg/install.log --single-version-externally-managed
[0.773s] running egg_info
[0.774s] creating build/mypkg/mypkg.egg-info
[0.774s] writing build/mypkg/mypkg.egg-info/PKG-INFO
[0.775s] writing dependency_links to build/mypkg/mypkg.egg-info/dependency_links.txt
[0.776s] writing entry points to build/mypkg/mypkg.egg-info/entry_points.txt
[0.776s] writing requirements to build/mypkg/mypkg.egg-info/requires.txt
[0.776s] writing top-level names to build/mypkg/mypkg.egg-info/top_level.txt
[0.776s] writing manifest file 'build/mypkg/mypkg.egg-info/SOURCES.txt'
[0.777s] reading manifest file 'build/mypkg/mypkg.egg-info/SOURCES.txt'
[0.778s] writing manifest file 'build/mypkg/mypkg.egg-info/SOURCES.txt'
[0.778s] running build
[0.778s] running build_py
[0.779s] creating /home/tutuikento/ros2_ws/src/mypkg/build/mypkg/build
[0.779s] creating /home/tutuikento/ros2_ws/src/mypkg/build/mypkg/build/lib
[0.779s] creating /home/tutuikento/ros2_ws/src/mypkg/build/mypkg/build/lib/mypkg
[0.779s] copying mypkg/talker.py -> /home/tutuikento/ros2_ws/src/mypkg/build/mypkg/build/lib/mypkg
[0.780s] copying mypkg/listener.py -> /home/tutuikento/ros2_ws/src/mypkg/build/mypkg/build/lib/mypkg
[0.780s] copying mypkg/__init__.py -> /home/tutuikento/ros2_ws/src/mypkg/build/mypkg/build/lib/mypkg
[0.780s] running install
[0.780s] running install_lib
[0.781s] /usr/lib/python3/dist-packages/setuptools/command/install.py:34: SetuptoolsDeprecationWarning: setup.py install is deprecated. Use build and pip and other standards-based tools.
[0.781s]   warnings.warn(
[0.781s] creating /home/tutuikento/ros2_ws/src/mypkg/install/mypkg/lib/python3.10/site-packages/mypkg
[0.781s] copying /home/tutuikento/ros2_ws/src/mypkg/build/mypkg/build/lib/mypkg/talker.py -> /home/tutuikento/ros2_ws/src/mypkg/install/mypkg/lib/python3.10/site-packages/mypkg
[0.781s] copying /home/tutuikento/ros2_ws/src/mypkg/build/mypkg/build/lib/mypkg/listener.py -> /home/tutuikento/ros2_ws/src/mypkg/install/mypkg/lib/python3.10/site-packages/mypkg
[0.781s] copying /home/tutuikento/ros2_ws/src/mypkg/build/mypkg/build/lib/mypkg/__init__.py -> /home/tutuikento/ros2_ws/src/mypkg/install/mypkg/lib/python3.10/site-packages/mypkg
[0.782s] byte-compiling /home/tutuikento/ros2_ws/src/mypkg/install/mypkg/lib/python3.10/site-packages/mypkg/talker.py to talker.cpython-310.pyc
[0.783s] byte-compiling /home/tutuikento/ros2_ws/src/mypkg/install/mypkg/lib/python3.10/site-packages/mypkg/listener.py to listener.cpython-310.pyc
[0.783s] byte-compiling /home/tutuikento/ros2_ws/src/mypkg/install/mypkg/lib/python3.10/site-packages/mypkg/__init__.py to __init__.cpython-310.pyc
[0.783s] running install_data
[0.783s] creating /home/tutuikento/ros2_ws/src/mypkg/install/mypkg/share/ament_index
[0.784s] creating /home/tutuikento/ros2_ws/src/mypkg/install/mypkg/share/ament_index/resource_index
[0.784s] creating /home/tutuikento/ros2_ws/src/mypkg/install/mypkg/share/ament_index/resource_index/packages
[0.784s] copying resource/mypkg -> /home/tutuikento/ros2_ws/src/mypkg/install/mypkg/share/ament_index/resource_index/packages
[0.784s] copying package.xml -> /home/tutuikento/ros2_ws/src/mypkg/install/mypkg/share/mypkg
[0.784s] running install_egg_info
[0.785s] Copying build/mypkg/mypkg.egg-info to /home/tutuikento/ros2_ws/src/mypkg/install/mypkg/lib/python3.10/site-packages/mypkg-0.0.0-py3.10.egg-info
[0.786s] running install_scripts
[0.805s] Installing listener script to /home/tutuikento/ros2_ws/src/mypkg/install/mypkg/lib/mypkg
[0.805s] Installing talker script to /home/tutuikento/ros2_ws/src/mypkg/install/mypkg/lib/mypkg
[0.805s] writing list of installed files to '/home/tutuikento/ros2_ws/src/mypkg/build/mypkg/install.log'
[0.827s] Invoked command in '/home/tutuikento/ros2_ws/src/mypkg' returned '0': PYTHONPATH=/home/tutuikento/ros2_ws/src/mypkg/build/mypkg/prefix_override:/home/tutuikento/ros2_ws/src/mypkg/install/mypkg/lib/python3.10/site-packages:${PYTHONPATH} /usr/bin/python3 setup.py egg_info --egg-base build/mypkg build --build-base /home/tutuikento/ros2_ws/src/mypkg/build/mypkg/build install --record /home/tutuikento/ros2_ws/src/mypkg/build/mypkg/install.log --single-version-externally-managed
